<?xml version="1.0" encoding="UTF-8"?>
<robot generator="Robot 7.0 (Python 3.12.1 on darwin)" generated="2024-01-22T15:10:42.591246" rpa="false" schemaversion="5">
<suite id="s1" name="Data-Driven-Ext-Base" source="/Users/miguelbarca/Downloads/data-driven-ext-base">
<suite id="s1-s1" name="Tests" source="/Users/miguelbarca/Downloads/data-driven-ext-base/Tests">
<suite id="s1-s1-s1" name="LoginMultifactor" source="/Users/miguelbarca/Downloads/data-driven-ext-base/Tests/LoginMultifactor.robot">
<test id="s1-s1-s1-t1" name="Invalid Login Scenarios should display correct errror message" line="43">
<kw name="Begin Web Test" owner="Common" type="SETUP">
<kw name="Open Browser" owner="SeleniumLibrary">
<msg time="2024-01-22T15:10:42.671955" level="INFO">Opening browser 'chrome' to base url 'about:blank'.</msg>
<arg>about:blank</arg>
<arg>${BROWSER}</arg>
<doc>Opens a new browser instance to the optional ``url``.</doc>
<status status="PASS" start="2024-01-22T15:10:42.671791" elapsed="1.366879"/>
</kw>
<status status="PASS" start="2024-01-22T15:10:42.671328" elapsed="1.367892"/>
</kw>
<kw name="Test Multiple Scenarios" owner="LoginApp">
<kw name="Navigate to Sign In Page" owner="LoginApp">
<kw name="Navigate To" owner="SignIn">
<kw name="Catenate" owner="BuiltIn">
<msg time="2024-01-22T15:10:44.041128" level="INFO">${SignInUrl} = https://seleniumbase.io/realworld/login</msg>
<var>${SignInUrl}</var>
<arg>SEPARATOR=/</arg>
<arg>${BASE_URL.${ENVIRONMENT}}</arg>
<arg>${LOGIN_URL}</arg>
<doc>Catenates the given items together and returns the resulted string.</doc>
<status status="PASS" start="2024-01-22T15:10:44.040704" elapsed="0.000658"/>
</kw>
<kw name="Go To" owner="SeleniumLibrary">
<msg time="2024-01-22T15:10:44.041734" level="INFO">Opening url 'https://seleniumbase.io/realworld/login'</msg>
<arg>${SignInUrl}</arg>
<doc>Navigates the current browser window to the provided ``url``.</doc>
<status status="PASS" start="2024-01-22T15:10:44.041468" elapsed="0.793794"/>
</kw>
<status status="PASS" start="2024-01-22T15:10:44.040547" elapsed="0.794869"/>
</kw>
<status status="PASS" start="2024-01-22T15:10:44.040158" elapsed="0.795319"/>
</kw>
<kw name="Attempt Login" owner="LoginApp">
<kw name="Enter Credentials" owner="SignIn">
<kw name="Input Text" owner="SeleniumLibrary">
<msg time="2024-01-22T15:10:44.836704" level="INFO">Typing text 'admin' into text field 'xpath=//input[@id='username']'.</msg>
<arg>${SIGN_IN_USERNAME_XPATH}</arg>
<arg>${Credentials.Username}</arg>
<doc>Types the given ``text`` into the text field identified by ``locator``.</doc>
<status status="PASS" start="2024-01-22T15:10:44.836081" elapsed="0.100307"/>
</kw>
<kw name="Input Text" owner="SeleniumLibrary">
<msg time="2024-01-22T15:10:44.937010" level="INFO">Typing text 'TestPassword!' into text field 'xpath=//input[@id='password']'.</msg>
<arg>${SIGN_IN_PASSWORD_XPATH}</arg>
<arg>${Credentials.Password}</arg>
<doc>Types the given ``text`` into the text field identified by ``locator``.</doc>
<status status="PASS" start="2024-01-22T15:10:44.936554" elapsed="0.044324"/>
</kw>
<arg>${Credentials}</arg>
<status status="PASS" start="2024-01-22T15:10:44.835899" elapsed="0.145100"/>
</kw>
<kw name="Click Submit" owner="SignIn">
<kw name="Click Element" owner="SeleniumLibrary">
<msg time="2024-01-22T15:10:44.981466" level="INFO">Clicking element 'log-in'.</msg>
<arg>${LOGIN_SUBMIT_BUTTON}</arg>
<doc>Click the element identified by ``locator``.</doc>
<status status="PASS" start="2024-01-22T15:10:44.981326" elapsed="0.036699"/>
</kw>
<status status="PASS" start="2024-01-22T15:10:44.981109" elapsed="0.037075"/>
</kw>
<kw name="Sleep" owner="BuiltIn">
<msg time="2024-01-22T15:10:46.019587" level="INFO">Slept 1 second.</msg>
<arg>1s</arg>
<doc>Pauses the test executed for the given time.</doc>
<status status="PASS" start="2024-01-22T15:10:45.018298" elapsed="1.002171"/>
</kw>
<arg>${Credentials}</arg>
<status status="PASS" start="2024-01-22T15:10:44.835598" elapsed="1.185346"/>
</kw>
<kw name="Verify Login Page Error Message" owner="LoginApp">
<kw name="Verify Error Message" owner="SignIn">
<kw name="Log To Console" owner="BuiltIn">
<arg>${ExpectedErrorMessage}</arg>
<doc>Logs the given message to the console.</doc>
<status status="PASS" start="2024-01-22T15:10:46.024045" elapsed="0.000788"/>
</kw>
<kw name="Page Should Contain" owner="SeleniumLibrary">
<msg time="2024-01-22T15:10:46.040437" level="INFO">Current page contains text 'Invalid Username!'.</msg>
<arg>${ExpectedErrorMessage}</arg>
<doc>Verifies that current page contains ``text``.</doc>
<status status="PASS" start="2024-01-22T15:10:46.025187" elapsed="0.015474"/>
</kw>
<arg>${ExpectedErrorMessage}</arg>
<status status="PASS" start="2024-01-22T15:10:46.023171" elapsed="0.017667"/>
</kw>
<arg>${Credentials.ExpectedErrorMessage}</arg>
<status status="PASS" start="2024-01-22T15:10:46.021420" elapsed="0.019514"/>
</kw>
<arg>${INVALID_USERNAME}</arg>
<status status="PASS" start="2024-01-22T15:10:44.039637" elapsed="2.001386"/>
</kw>
<kw name="Test Multiple Scenarios" owner="LoginApp">
<kw name="Navigate to Sign In Page" owner="LoginApp">
<kw name="Navigate To" owner="SignIn">
<kw name="Catenate" owner="BuiltIn">
<msg time="2024-01-22T15:10:46.043129" level="INFO">${SignInUrl} = https://seleniumbase.io/realworld/login</msg>
<var>${SignInUrl}</var>
<arg>SEPARATOR=/</arg>
<arg>${BASE_URL.${ENVIRONMENT}}</arg>
<arg>${LOGIN_URL}</arg>
<doc>Catenates the given items together and returns the resulted string.</doc>
<status status="PASS" start="2024-01-22T15:10:46.042486" elapsed="0.000738"/>
</kw>
<kw name="Go To" owner="SeleniumLibrary">
<msg time="2024-01-22T15:10:46.043528" level="INFO">Opening url 'https://seleniumbase.io/realworld/login'</msg>
<arg>${SignInUrl}</arg>
<doc>Navigates the current browser window to the provided ``url``.</doc>
<status status="PASS" start="2024-01-22T15:10:46.043366" elapsed="0.065931"/>
</kw>
<status status="PASS" start="2024-01-22T15:10:46.042158" elapsed="0.067263"/>
</kw>
<status status="PASS" start="2024-01-22T15:10:46.041901" elapsed="0.067575"/>
</kw>
<kw name="Attempt Login" owner="LoginApp">
<kw name="Enter Credentials" owner="SignIn">
<kw name="Input Text" owner="SeleniumLibrary">
<msg time="2024-01-22T15:10:46.110400" level="INFO">Typing text 'demo_user' into text field 'xpath=//input[@id='username']'.</msg>
<arg>${SIGN_IN_USERNAME_XPATH}</arg>
<arg>${Credentials.Username}</arg>
<doc>Types the given ``text`` into the text field identified by ``locator``.</doc>
<status status="PASS" start="2024-01-22T15:10:46.109998" elapsed="0.038128"/>
</kw>
<kw name="Input Text" owner="SeleniumLibrary">
<msg time="2024-01-22T15:10:46.148801" level="INFO">Typing text 'TestPassword!' into text field 'xpath=//input[@id='password']'.</msg>
<arg>${SIGN_IN_PASSWORD_XPATH}</arg>
<arg>${Credentials.Password}</arg>
<doc>Types the given ``text`` into the text field identified by ``locator``.</doc>
<status status="PASS" start="2024-01-22T15:10:46.148306" elapsed="0.039791"/>
</kw>
<arg>${Credentials}</arg>
<status status="PASS" start="2024-01-22T15:10:46.109837" elapsed="0.078384"/>
</kw>
<kw name="Click Submit" owner="SignIn">
<kw name="Click Element" owner="SeleniumLibrary">
<msg time="2024-01-22T15:10:46.188808" level="INFO">Clicking element 'log-in'.</msg>
<arg>${LOGIN_SUBMIT_BUTTON}</arg>
<doc>Click the element identified by ``locator``.</doc>
<status status="PASS" start="2024-01-22T15:10:46.188612" elapsed="0.019917"/>
</kw>
<status status="PASS" start="2024-01-22T15:10:46.188334" elapsed="0.020322"/>
</kw>
<kw name="Sleep" owner="BuiltIn">
<msg time="2024-01-22T15:10:47.211574" level="INFO">Slept 1 second.</msg>
<arg>1s</arg>
<doc>Pauses the test executed for the given time.</doc>
<status status="PASS" start="2024-01-22T15:10:46.208757" elapsed="1.003971"/>
</kw>
<arg>${Credentials}</arg>
<status status="PASS" start="2024-01-22T15:10:46.109587" elapsed="1.103836"/>
</kw>
<kw name="Verify Login Page Error Message" owner="LoginApp">
<kw name="Verify Error Message" owner="SignIn">
<kw name="Log To Console" owner="BuiltIn">
<arg>${ExpectedErrorMessage}</arg>
<doc>Logs the given message to the console.</doc>
<status status="PASS" start="2024-01-22T15:10:47.216916" elapsed="0.000707"/>
</kw>
<kw name="Page Should Contain" owner="SeleniumLibrary">
<msg time="2024-01-22T15:10:47.233028" level="INFO">Current page contains text 'The Password is Required!'.</msg>
<arg>${ExpectedErrorMessage}</arg>
<doc>Verifies that current page contains ``text``.</doc>
<status status="PASS" start="2024-01-22T15:10:47.218176" elapsed="0.015089"/>
</kw>
<arg>${ExpectedErrorMessage}</arg>
<status status="PASS" start="2024-01-22T15:10:47.216184" elapsed="0.017250"/>
</kw>
<arg>${Credentials.ExpectedErrorMessage}</arg>
<status status="PASS" start="2024-01-22T15:10:47.214053" elapsed="0.019468"/>
</kw>
<arg>${INVALID_PASSWORD_USER}</arg>
<status status="PASS" start="2024-01-22T15:10:46.041434" elapsed="1.192164"/>
</kw>
<kw name="Test Multiple Scenarios" owner="LoginApp">
<kw name="Navigate to Sign In Page" owner="LoginApp">
<kw name="Navigate To" owner="SignIn">
<kw name="Catenate" owner="BuiltIn">
<msg time="2024-01-22T15:10:47.235954" level="INFO">${SignInUrl} = https://seleniumbase.io/realworld/login</msg>
<var>${SignInUrl}</var>
<arg>SEPARATOR=/</arg>
<arg>${BASE_URL.${ENVIRONMENT}}</arg>
<arg>${LOGIN_URL}</arg>
<doc>Catenates the given items together and returns the resulted string.</doc>
<status status="PASS" start="2024-01-22T15:10:47.235326" elapsed="0.000721"/>
</kw>
<kw name="Go To" owner="SeleniumLibrary">
<msg time="2024-01-22T15:10:47.236346" level="INFO">Opening url 'https://seleniumbase.io/realworld/login'</msg>
<arg>${SignInUrl}</arg>
<doc>Navigates the current browser window to the provided ``url``.</doc>
<status status="PASS" start="2024-01-22T15:10:47.236185" elapsed="0.061109"/>
</kw>
<status status="PASS" start="2024-01-22T15:10:47.235081" elapsed="0.062347"/>
</kw>
<status status="PASS" start="2024-01-22T15:10:47.234525" elapsed="0.062962"/>
</kw>
<kw name="Attempt Login" owner="LoginApp">
<kw name="Enter Credentials" owner="SignIn">
<kw name="Input Text" owner="SeleniumLibrary">
<msg time="2024-01-22T15:10:47.298449" level="INFO">Typing text '' into text field 'xpath=//input[@id='username']'.</msg>
<arg>${SIGN_IN_USERNAME_XPATH}</arg>
<arg>${Credentials.Username}</arg>
<doc>Types the given ``text`` into the text field identified by ``locator``.</doc>
<status status="PASS" start="2024-01-22T15:10:47.298042" elapsed="0.035521"/>
</kw>
<kw name="Input Text" owner="SeleniumLibrary">
<msg time="2024-01-22T15:10:47.334125" level="INFO">Typing text '' into text field 'xpath=//input[@id='password']'.</msg>
<arg>${SIGN_IN_PASSWORD_XPATH}</arg>
<arg>${Credentials.Password}</arg>
<doc>Types the given ``text`` into the text field identified by ``locator``.</doc>
<status status="PASS" start="2024-01-22T15:10:47.333719" elapsed="0.035541"/>
</kw>
<arg>${Credentials}</arg>
<status status="PASS" start="2024-01-22T15:10:47.297876" elapsed="0.071515"/>
</kw>
<kw name="Click Submit" owner="SignIn">
<kw name="Click Element" owner="SeleniumLibrary">
<msg time="2024-01-22T15:10:47.369827" level="INFO">Clicking element 'log-in'.</msg>
<arg>${LOGIN_SUBMIT_BUTTON}</arg>
<doc>Click the element identified by ``locator``.</doc>
<status status="PASS" start="2024-01-22T15:10:47.369697" elapsed="0.024301"/>
</kw>
<status status="PASS" start="2024-01-22T15:10:47.369500" elapsed="0.024621"/>
</kw>
<kw name="Sleep" owner="BuiltIn">
<msg time="2024-01-22T15:10:48.397072" level="INFO">Slept 1 second.</msg>
<arg>1s</arg>
<doc>Pauses the test executed for the given time.</doc>
<status status="PASS" start="2024-01-22T15:10:47.394227" elapsed="1.003847"/>
</kw>
<arg>${Credentials}</arg>
<status status="PASS" start="2024-01-22T15:10:47.297608" elapsed="1.101337"/>
</kw>
<kw name="Verify Login Page Error Message" owner="LoginApp">
<kw name="Verify Error Message" owner="SignIn">
<kw name="Log To Console" owner="BuiltIn">
<arg>${ExpectedErrorMessage}</arg>
<doc>Logs the given message to the console.</doc>
<status status="PASS" start="2024-01-22T15:10:48.401247" elapsed="0.000712"/>
</kw>
<kw name="Page Should Contain" owner="SeleniumLibrary">
<msg time="2024-01-22T15:10:48.417252" level="INFO">Current page contains text 'The Username is Required!'.</msg>
<arg>${ExpectedErrorMessage}</arg>
<doc>Verifies that current page contains ``text``.</doc>
<status status="PASS" start="2024-01-22T15:10:48.402263" elapsed="0.015226"/>
</kw>
<arg>${ExpectedErrorMessage}</arg>
<status status="PASS" start="2024-01-22T15:10:48.400791" elapsed="0.016866"/>
</kw>
<arg>${Credentials.ExpectedErrorMessage}</arg>
<status status="PASS" start="2024-01-22T15:10:48.399353" elapsed="0.018391"/>
</kw>
<arg>${BLANK_CREDENTIALS_USER}</arg>
<status status="PASS" start="2024-01-22T15:10:47.234089" elapsed="1.183734"/>
</kw>
<kw name="End Web Test" owner="Common" type="TEARDOWN">
<kw name="Close All Browsers" owner="SeleniumLibrary">
<doc>Closes all open browsers and resets the browser cache.</doc>
<status status="PASS" start="2024-01-22T15:10:48.418766" elapsed="0.072388"/>
</kw>
<status status="PASS" start="2024-01-22T15:10:48.418308" elapsed="0.072977"/>
</kw>
<doc>Create Templates for Data-Driven Test</doc>
<tag>Template</tag>
<status status="PASS" start="2024-01-22T15:10:42.670904" elapsed="5.820476"/>
</test>
<doc>Demonstrate a need for data-driven testing</doc>
<status status="PASS" start="2024-01-22T15:10:42.602024" elapsed="5.889826"/>
</suite>
<status status="PASS" start="2024-01-22T15:10:42.601321" elapsed="5.891338"/>
</suite>
<status status="PASS" start="2024-01-22T15:10:42.593043" elapsed="5.900127"/>
</suite>
<statistics>
<total>
<stat pass="1" fail="0" skip="0">All Tests</stat>
</total>
<tag>
<stat pass="1" fail="0" skip="0">Template</stat>
</tag>
<suite>
<stat pass="1" fail="0" skip="0" id="s1" name="Data-Driven-Ext-Base">Data-Driven-Ext-Base</stat>
<stat pass="1" fail="0" skip="0" id="s1-s1" name="Tests">Data-Driven-Ext-Base.Tests</stat>
<stat pass="1" fail="0" skip="0" id="s1-s1-s1" name="LoginMultifactor">Data-Driven-Ext-Base.Tests.LoginMultifactor</stat>
</suite>
</statistics>
<errors>
</errors>
</robot>
